# JRE version: OpenJDK Runtime Environment (17.0.6) (build 17.0.6+0-b2043.56-10027231)
# Java VM: OpenJDK 64-Bit Server VM (17.0.6+0-b2043.56-10027231, mixed mode, tiered, compressed oops, compressed class ptrs, g1 gc, windows-amd64)
GC Precious Log:
 CPUs: 16 total, 16 available
 Memory: 15178M
 Large Page Support: Disabled
 NUMA Support: Disabled
 Compressed Oops: Enabled (32-bit)
 Heap Region Size: 1M
 Heap Min Capacity: 8M
 Heap Initial Capacity: 238M
 Heap Max Capacity: 1536M
 Pre-touch: Disabled
 Parallel Workers: 13
 Concurrent Workers: 3
 Concurrent Refinement Workers: 13
 Periodic GC: Disabled
Heap:
 garbage-first heap   total 299008K, used 247882K [0x00000000a0000000, 0x0000000100000000)
  region size 1024K, 174 young (178176K), 17 survivors (17408K)
 Metaspace       used 72467K, committed 73152K, reserved 1114112K
  class space    used 9231K, committed 9536K, reserved 1048576K
GC Heap History (20 events):
Event: 14.795 GC heap before
{Heap before GC invocations=44 (full 0):
 garbage-first heap   total 220160K, used 189663K [0x00000000a0000000, 0x0000000100000000)
  region size 1024K, 120 young (122880K), 7 survivors (7168K)
 Metaspace       used 53073K, committed 53504K, reserved 1097728K
  class space    used 7011K, committed 7232K, reserved 1048576K
}
Event: 14.800 GC heap after
{Heap after GC invocations=45 (full 0):
 garbage-first heap   total 220160K, used 74969K [0x00000000a0000000, 0x0000000100000000)
  region size 1024K, 8 young (8192K), 8 survivors (8192K)
 Metaspace       used 53073K, committed 53504K, reserved 1097728K
  class space    used 7011K, committed 7232K, reserved 1048576K
}
Event: 15.064 GC heap before
{Heap before GC invocations=45 (full 0):
 garbage-first heap   total 220160K, used 188633K [0x00000000a0000000, 0x0000000100000000)
  region size 1024K, 119 young (121856K), 8 survivors (8192K)
 Metaspace       used 53073K, committed 53504K, reserved 1097728K
  class space    used 7011K, committed 7232K, reserved 1048576K
}
Event: 15.070 GC heap after
{Heap after GC invocations=46 (full 0):
 garbage-first heap   total 220160K, used 75815K [0x00000000a0000000, 0x0000000100000000)
  region size 1024K, 8 young (8192K), 8 survivors (8192K)
 Metaspace       used 53073K, committed 53504K, reserved 1097728K
  class space    used 7011K, committed 7232K, reserved 1048576K
}
Event: 15.219 GC heap before
{Heap before GC invocations=46 (full 0):
 garbage-first heap   total 220160K, used 188455K [0x00000000a0000000, 0x0000000100000000)
  region size 1024K, 118 young (120832K), 8 survivors (8192K)
 Metaspace       used 53073K, committed 53504K, reserved 1097728K
  class space    used 7011K, committed 7232K, reserved 1048576K
}
Event: 15.225 GC heap after
{Heap after GC invocations=47 (full 0):
 garbage-first heap   total 220160K, used 77181K [0x00000000a0000000, 0x0000000100000000)
  region size 1024K, 10 young (10240K), 10 survivors (10240K)
 Metaspace       used 53073K, committed 53504K, reserved 1097728K
  class space    used 7011K, committed 7232K, reserved 1048576K
}
Event: 15.360 GC heap before
{Heap before GC invocations=47 (full 0):
 garbage-first heap   total 220160K, used 185725K [0x00000000a0000000, 0x0000000100000000)
  region size 1024K, 116 young (118784K), 10 survivors (10240K)
 Metaspace       used 53073K, committed 53504K, reserved 1097728K
  class space    used 7011K, committed 7232K, reserved 1048576K
}
Event: 15.368 GC heap after
{Heap after GC invocations=48 (full 0):
 garbage-first heap   total 220160K, used 78731K [0x00000000a0000000, 0x0000000100000000)
  region size 1024K, 8 young (8192K), 8 survivors (8192K)
 Metaspace       used 53073K, committed 53504K, reserved 1097728K
  class space    used 7011K, committed 7232K, reserved 1048576K
}
Event: 15.514 GC heap before
{Heap before GC invocations=48 (full 0):
 garbage-first heap   total 220160K, used 189323K [0x00000000a0000000, 0x0000000100000000)
  region size 1024K, 116 young (118784K), 8 survivors (8192K)
 Metaspace       used 53073K, committed 53504K, reserved 1097728K
  class space    used 7011K, committed 7232K, reserved 1048576K
}
Event: 15.521 GC heap after
{Heap after GC invocations=49 (full 0):
 garbage-first heap   total 220160K, used 79796K [0x00000000a0000000, 0x0000000100000000)
  region size 1024K, 9 young (9216K), 9 survivors (9216K)
 Metaspace       used 53073K, committed 53504K, reserved 1097728K
  class space    used 7011K, committed 7232K, reserved 1048576K
}
Event: 15.658 GC heap before
{Heap before GC invocations=49 (full 0):
 garbage-first heap   total 220160K, used 188340K [0x00000000a0000000, 0x0000000100000000)
  region size 1024K, 115 young (117760K), 9 survivors (9216K)
 Metaspace       used 53073K, committed 53504K, reserved 1097728K
  class space    used 7011K, committed 7232K, reserved 1048576K
}
Event: 15.666 GC heap after
{Heap after GC invocations=50 (full 0):
 garbage-first heap   total 220160K, used 80817K [0x00000000a0000000, 0x0000000100000000)
  region size 1024K, 10 young (10240K), 10 survivors (10240K)
 Metaspace       used 53073K, committed 53504K, reserved 1097728K
  class space    used 7011K, committed 7232K, reserved 1048576K
}
Event: 15.883 GC heap before
{Heap before GC invocations=50 (full 0):
 garbage-first heap   total 220160K, used 189361K [0x00000000a0000000, 0x0000000100000000)
  region size 1024K, 113 young (115712K), 10 survivors (10240K)
 Metaspace       used 53075K, committed 53504K, reserved 1097728K
  class space    used 7011K, committed 7232K, reserved 1048576K
}
Event: 15.889 GC heap after
{Heap after GC invocations=51 (full 0):
 garbage-first heap   total 299008K, used 78911K [0x00000000a0000000, 0x0000000100000000)
  region size 1024K, 10 young (10240K), 10 survivors (10240K)
 Metaspace       used 53075K, committed 53504K, reserved 1097728K
  class space    used 7011K, committed 7232K, reserved 1048576K
}
Event: 16.398 GC heap before
{Heap before GC invocations=51 (full 0):
 garbage-first heap   total 299008K, used 250943K [0x00000000a0000000, 0x0000000100000000)
  region size 1024K, 175 young (179200K), 10 survivors (10240K)
 Metaspace       used 53088K, committed 53568K, reserved 1097728K
  class space    used 7011K, committed 7232K, reserved 1048576K
}
Event: 16.400 GC heap after
{Heap after GC invocations=52 (full 0):
 garbage-first heap   total 299008K, used 77238K [0x00000000a0000000, 0x0000000100000000)
  region size 1024K, 5 young (5120K), 5 survivors (5120K)
 Metaspace       used 53088K, committed 53568K, reserved 1097728K
  class space    used 7011K, committed 7232K, reserved 1048576K
}
Event: 17.541 GC heap before
{Heap before GC invocations=52 (full 0):
 garbage-first heap   total 299008K, used 254390K [0x00000000a0000000, 0x0000000100000000)
  region size 1024K, 175 young (179200K), 5 survivors (5120K)
 Metaspace       used 55590K, committed 56128K, reserved 1097728K
  class space    used 7209K, committed 7424K, reserved 1048576K
}
Event: 17.545 GC heap after
{Heap after GC invocations=53 (full 0):
 garbage-first heap   total 299008K, used 78579K [0x00000000a0000000, 0x0000000100000000)
  region size 1024K, 6 young (6144K), 6 survivors (6144K)
 Metaspace       used 55590K, committed 56128K, reserved 1097728K
  class space    used 7209K, committed 7424K, reserved 1048576K
}
Event: 23.280 GC heap before
{Heap before GC invocations=53 (full 0):
 garbage-first heap   total 299008K, used 250611K [0x00000000a0000000, 0x0000000100000000)
  region size 1024K, 175 young (179200K), 6 survivors (6144K)
 Metaspace       used 71028K, committed 71680K, reserved 1114112K
  class space    used 9185K, committed 9472K, reserved 1048576K
}
Event: 23.291 GC heap after
{Heap after GC invocations=54 (full 0):
 garbage-first heap   total 299008K, used 89162K [0x00000000a0000000, 0x0000000100000000)
  region size 1024K, 17 young (17408K), 17 survivors (17408K)
 Metaspace       used 71028K, committed 71680K, reserved 1114112K
  class space    used 9185K, committed 9472K, reserved 1048576K
}

