# JRE version: OpenJDK Runtime Environment (17.0.6) (build 17.0.6+0-b2043.56-10027231)
# Java VM: OpenJDK 64-Bit Server VM (17.0.6+0-b2043.56-10027231, mixed mode, tiered, compressed oops, compressed class ptrs, g1 gc, windows-amd64)
GC Precious Log:
 CPUs: 16 total, 16 available
 Memory: 15178M
 Large Page Support: Disabled
 NUMA Support: Disabled
 Compressed Oops: Enabled (32-bit)
 Heap Region Size: 1M
 Heap Min Capacity: 8M
 Heap Initial Capacity: 238M
 Heap Max Capacity: 1536M
 Pre-touch: Disabled
 Parallel Workers: 13
 Concurrent Workers: 3
 Concurrent Refinement Workers: 13
 Periodic GC: Disabled
Heap:
 garbage-first heap   total 187392K, used 85211K [0x00000000a0000000, 0x0000000100000000)
  region size 1024K, 4 young (4096K), 4 survivors (4096K)
 Metaspace       used 55206K, committed 55808K, reserved 1097728K
  class space    used 7298K, committed 7552K, reserved 1048576K
GC Heap History (20 events):
Event: 10.680 GC heap after
{Heap after GC invocations=23 (full 0):
 garbage-first heap   total 119808K, used 70884K [0x00000000a0000000, 0x0000000100000000)
  region size 1024K, 2 young (2048K), 2 survivors (2048K)
 Metaspace       used 52132K, committed 52672K, reserved 1097728K
  class space    used 6909K, committed 7104K, reserved 1048576K
}
Event: 11.211 GC heap before
{Heap before GC invocations=24 (full 0):
 garbage-first heap   total 126976K, used 93412K [0x00000000a0000000, 0x0000000100000000)
  region size 1024K, 24 young (24576K), 2 survivors (2048K)
 Metaspace       used 53453K, committed 54016K, reserved 1097728K
  class space    used 7130K, committed 7360K, reserved 1048576K
}
Event: 11.215 GC heap after
{Heap after GC invocations=25 (full 0):
 garbage-first heap   total 126976K, used 72035K [0x00000000a0000000, 0x0000000100000000)
  region size 1024K, 2 young (2048K), 2 survivors (2048K)
 Metaspace       used 53453K, committed 54016K, reserved 1097728K
  class space    used 7130K, committed 7360K, reserved 1048576K
}
Event: 12.004 GC heap before
{Heap before GC invocations=25 (full 0):
 garbage-first heap   total 126976K, used 97635K [0x00000000a0000000, 0x0000000100000000)
  region size 1024K, 28 young (28672K), 2 survivors (2048K)
 Metaspace       used 54809K, committed 55424K, reserved 1097728K
  class space    used 7287K, committed 7552K, reserved 1048576K
}
Event: 12.010 GC heap after
{Heap after GC invocations=26 (full 0):
 garbage-first heap   total 126976K, used 73839K [0x00000000a0000000, 0x0000000100000000)
  region size 1024K, 3 young (3072K), 3 survivors (3072K)
 Metaspace       used 54809K, committed 55424K, reserved 1097728K
  class space    used 7287K, committed 7552K, reserved 1048576K
}
Event: 12.100 GC heap before
{Heap before GC invocations=27 (full 0):
 garbage-first heap   total 130048K, used 94319K [0x00000000a0000000, 0x0000000100000000)
  region size 1024K, 20 young (20480K), 3 survivors (3072K)
 Metaspace       used 54879K, committed 55424K, reserved 1097728K
  class space    used 7294K, committed 7552K, reserved 1048576K
}
Event: 12.105 GC heap after
{Heap after GC invocations=28 (full 0):
 garbage-first heap   total 130048K, used 79893K [0x00000000a0000000, 0x0000000100000000)
  region size 1024K, 4 young (4096K), 4 survivors (4096K)
 Metaspace       used 54879K, committed 55424K, reserved 1097728K
  class space    used 7294K, committed 7552K, reserved 1048576K
}
Event: 12.250 GC heap before
{Heap before GC invocations=29 (full 0):
 garbage-first heap   total 155648K, used 109589K [0x00000000a0000000, 0x0000000100000000)
  region size 1024K, 29 young (29696K), 4 survivors (4096K)
 Metaspace       used 55011K, committed 55552K, reserved 1097728K
  class space    used 7296K, committed 7552K, reserved 1048576K
}
Event: 12.253 GC heap after
{Heap after GC invocations=30 (full 0):
 garbage-first heap   total 155648K, used 82829K [0x00000000a0000000, 0x0000000100000000)
  region size 1024K, 2 young (2048K), 2 survivors (2048K)
 Metaspace       used 55011K, committed 55552K, reserved 1097728K
  class space    used 7296K, committed 7552K, reserved 1048576K
}
Event: 12.368 GC heap before
{Heap before GC invocations=30 (full 0):
 garbage-first heap   total 155648K, used 121741K [0x00000000a0000000, 0x0000000100000000)
  region size 1024K, 41 young (41984K), 2 survivors (2048K)
 Metaspace       used 55095K, committed 55680K, reserved 1097728K
  class space    used 7297K, committed 7552K, reserved 1048576K
}
Event: 12.371 GC heap after
{Heap after GC invocations=31 (full 0):
 garbage-first heap   total 187392K, used 82910K [0x00000000a0000000, 0x0000000100000000)
  region size 1024K, 2 young (2048K), 2 survivors (2048K)
 Metaspace       used 55095K, committed 55680K, reserved 1097728K
  class space    used 7297K, committed 7552K, reserved 1048576K
}
Event: 12.523 GC heap before
{Heap before GC invocations=32 (full 0):
 garbage-first heap   total 187392K, used 146398K [0x00000000a0000000, 0x0000000100000000)
  region size 1024K, 65 young (66560K), 2 survivors (2048K)
 Metaspace       used 55168K, committed 55744K, reserved 1097728K
  class space    used 7297K, committed 7552K, reserved 1048576K
}
Event: 12.526 GC heap after
{Heap after GC invocations=33 (full 0):
 garbage-first heap   total 187392K, used 83557K [0x00000000a0000000, 0x0000000100000000)
  region size 1024K, 2 young (2048K), 2 survivors (2048K)
 Metaspace       used 55168K, committed 55744K, reserved 1097728K
  class space    used 7297K, committed 7552K, reserved 1048576K
}
Event: 12.666 GC heap before
{Heap before GC invocations=33 (full 0):
 garbage-first heap   total 187392K, used 155237K [0x00000000a0000000, 0x0000000100000000)
  region size 1024K, 73 young (74752K), 2 survivors (2048K)
 Metaspace       used 55199K, committed 55744K, reserved 1097728K
  class space    used 7298K, committed 7552K, reserved 1048576K
}
Event: 12.672 GC heap after
{Heap after GC invocations=34 (full 0):
 garbage-first heap   total 187392K, used 86200K [0x00000000a0000000, 0x0000000100000000)
  region size 1024K, 5 young (5120K), 5 survivors (5120K)
 Metaspace       used 55199K, committed 55744K, reserved 1097728K
  class space    used 7298K, committed 7552K, reserved 1048576K
}
Event: 12.780 GC heap before
{Heap before GC invocations=34 (full 0):
 garbage-first heap   total 187392K, used 155832K [0x00000000a0000000, 0x0000000100000000)
  region size 1024K, 73 young (74752K), 5 survivors (5120K)
 Metaspace       used 55201K, committed 55744K, reserved 1097728K
  class space    used 7298K, committed 7552K, reserved 1048576K
}
Event: 12.783 GC heap after
{Heap after GC invocations=35 (full 0):
 garbage-first heap   total 187392K, used 84311K [0x00000000a0000000, 0x0000000100000000)
  region size 1024K, 3 young (3072K), 3 survivors (3072K)
 Metaspace       used 55201K, committed 55744K, reserved 1097728K
  class space    used 7298K, committed 7552K, reserved 1048576K
}
Event: 12.902 GC heap before
{Heap before GC invocations=35 (full 0):
 garbage-first heap   total 187392K, used 158039K [0x00000000a0000000, 0x0000000100000000)
  region size 1024K, 74 young (75776K), 3 survivors (3072K)
 Metaspace       used 55201K, committed 55744K, reserved 1097728K
  class space    used 7298K, committed 7552K, reserved 1048576K
}
Event: 12.906 GC heap after
{Heap after GC invocations=36 (full 0):
 garbage-first heap   total 187392K, used 84635K [0x00000000a0000000, 0x0000000100000000)
  region size 1024K, 3 young (3072K), 3 survivors (3072K)
 Metaspace       used 55201K, committed 55744K, reserved 1097728K
  class space    used 7298K, committed 7552K, reserved 1048576K
}
Event: 13.030 GC heap before
{Heap before GC invocations=36 (full 0):
 garbage-first heap   total 187392K, used 158363K [0x00000000a0000000, 0x0000000100000000)
  region size 1024K, 76 young (77824K), 3 survivors (3072K)
 Metaspace       used 55206K, committed 55808K, reserved 1097728K
  class space    used 7298K, committed 7552K, reserved 1048576K
}

