# JRE version: OpenJDK Runtime Environment (17.0.6) (build 17.0.6+0-b2043.56-10027231)
# Java VM: OpenJDK 64-Bit Server VM (17.0.6+0-b2043.56-10027231, mixed mode, tiered, compressed oops, compressed class ptrs, g1 gc, windows-amd64)
GC Precious Log:
 CPUs: 16 total, 16 available
 Memory: 15178M
 Large Page Support: Disabled
 NUMA Support: Disabled
 Compressed Oops: Enabled (32-bit)
 Heap Region Size: 1M
 Heap Min Capacity: 8M
 Heap Initial Capacity: 238M
 Heap Max Capacity: 1536M
 Pre-touch: Disabled
 Parallel Workers: 13
 Concurrent Workers: 3
 Concurrent Refinement Workers: 13
 Periodic GC: Disabled
Heap:
 garbage-first heap   total 296960K, used 178585K [0x00000000a0000000, 0x0000000100000000)
  region size 1024K, 1 young (1024K), 1 survivors (1024K)
 Metaspace       used 110552K, committed 111296K, reserved 1146880K
  class space    used 14739K, committed 15104K, reserved 1048576K
GC Heap History (20 events):
Event: 26.270 GC heap after
{Heap after GC invocations=35 (full 0):
 garbage-first heap   total 167936K, used 104611K [0x00000000a0000000, 0x0000000100000000)
  region size 1024K, 5 young (5120K), 5 survivors (5120K)
 Metaspace       used 102671K, committed 103360K, reserved 1138688K
  class space    used 13937K, committed 14272K, reserved 1048576K
}
Event: 26.402 GC heap before
{Heap before GC invocations=35 (full 0):
 garbage-first heap   total 167936K, used 106659K [0x00000000a0000000, 0x0000000100000000)
  region size 1024K, 8 young (8192K), 5 survivors (5120K)
 Metaspace       used 102702K, committed 103360K, reserved 1138688K
  class space    used 13939K, committed 14272K, reserved 1048576K
}
Event: 26.410 GC heap after
{Heap after GC invocations=36 (full 0):
 garbage-first heap   total 167936K, used 105568K [0x00000000a0000000, 0x0000000100000000)
  region size 1024K, 1 young (1024K), 1 survivors (1024K)
 Metaspace       used 102702K, committed 103360K, reserved 1138688K
  class space    used 13939K, committed 14272K, reserved 1048576K
}
Event: 26.575 GC heap before
{Heap before GC invocations=36 (full 0):
 garbage-first heap   total 167936K, used 109664K [0x00000000a0000000, 0x0000000100000000)
  region size 1024K, 7 young (7168K), 1 survivors (1024K)
 Metaspace       used 102737K, committed 103424K, reserved 1138688K
  class space    used 13942K, committed 14272K, reserved 1048576K
}
Event: 26.580 GC heap after
{Heap after GC invocations=37 (full 0):
 garbage-first heap   total 227328K, used 106743K [0x00000000a0000000, 0x0000000100000000)
  region size 1024K, 2 young (2048K), 2 survivors (2048K)
 Metaspace       used 102737K, committed 103424K, reserved 1138688K
  class space    used 13942K, committed 14272K, reserved 1048576K
}
Event: 28.674 GC heap before
{Heap before GC invocations=38 (full 0):
 garbage-first heap   total 227328K, used 184567K [0x00000000a0000000, 0x0000000100000000)
  region size 1024K, 74 young (75776K), 2 survivors (2048K)
 Metaspace       used 107202K, committed 107904K, reserved 1146880K
  class space    used 14332K, committed 14656K, reserved 1048576K
}
Event: 28.678 GC heap after
{Heap after GC invocations=39 (full 0):
 garbage-first heap   total 227328K, used 105898K [0x00000000a0000000, 0x0000000100000000)
  region size 1024K, 2 young (2048K), 2 survivors (2048K)
 Metaspace       used 107202K, committed 107904K, reserved 1146880K
  class space    used 14332K, committed 14656K, reserved 1048576K
}
Event: 28.818 GC heap before
{Heap before GC invocations=39 (full 0):
 garbage-first heap   total 227328K, used 114090K [0x00000000a0000000, 0x0000000100000000)
  region size 1024K, 11 young (11264K), 2 survivors (2048K)
 Metaspace       used 107449K, committed 108096K, reserved 1146880K
  class space    used 14360K, committed 14656K, reserved 1048576K
}
Event: 28.823 GC heap after
{Heap after GC invocations=40 (full 0):
 garbage-first heap   total 227328K, used 106000K [0x00000000a0000000, 0x0000000100000000)
  region size 1024K, 1 young (1024K), 1 survivors (1024K)
 Metaspace       used 107449K, committed 108096K, reserved 1146880K
  class space    used 14360K, committed 14656K, reserved 1048576K
}
Event: 30.991 GC heap before
{Heap before GC invocations=40 (full 0):
 garbage-first heap   total 243712K, used 230928K [0x00000000a0000000, 0x0000000100000000)
  region size 1024K, 67 young (68608K), 1 survivors (1024K)
 Metaspace       used 110010K, committed 110720K, reserved 1146880K
  class space    used 14684K, committed 15040K, reserved 1048576K
}
Event: 31.000 GC heap after
{Heap after GC invocations=41 (full 0):
 garbage-first heap   total 243712K, used 169591K [0x00000000a0000000, 0x0000000100000000)
  region size 1024K, 6 young (6144K), 6 survivors (6144K)
 Metaspace       used 110010K, committed 110720K, reserved 1146880K
  class space    used 14684K, committed 15040K, reserved 1048576K
}
Event: 31.097 GC heap before
{Heap before GC invocations=41 (full 0):
 garbage-first heap   total 243712K, used 231031K [0x00000000a0000000, 0x0000000100000000)
  region size 1024K, 42 young (43008K), 6 survivors (6144K)
 Metaspace       used 110178K, committed 110912K, reserved 1146880K
  class space    used 14706K, committed 15040K, reserved 1048576K
}
Event: 31.104 GC heap after
{Heap after GC invocations=42 (full 0):
 garbage-first heap   total 245760K, used 125658K [0x00000000a0000000, 0x0000000100000000)
  region size 1024K, 6 young (6144K), 6 survivors (6144K)
 Metaspace       used 110178K, committed 110912K, reserved 1146880K
  class space    used 14706K, committed 15040K, reserved 1048576K
}
Event: 31.231 GC heap before
{Heap before GC invocations=43 (full 0):
 garbage-first heap   total 296960K, used 243418K [0x00000000a0000000, 0x0000000100000000)
  region size 1024K, 79 young (80896K), 6 survivors (6144K)
 Metaspace       used 110319K, committed 111104K, reserved 1146880K
  class space    used 14723K, committed 15104K, reserved 1048576K
}
Event: 31.239 GC heap after
{Heap after GC invocations=44 (full 0):
 garbage-first heap   total 296960K, used 149845K [0x00000000a0000000, 0x0000000100000000)
  region size 1024K, 10 young (10240K), 10 survivors (10240K)
 Metaspace       used 110319K, committed 111104K, reserved 1146880K
  class space    used 14723K, committed 15104K, reserved 1048576K
}
Event: 31.249 GC heap before
{Heap before GC invocations=44 (full 0):
 garbage-first heap   total 296960K, used 161109K [0x00000000a0000000, 0x0000000100000000)
  region size 1024K, 14 young (14336K), 10 survivors (10240K)
 Metaspace       used 110335K, committed 111104K, reserved 1146880K
  class space    used 14725K, committed 15104K, reserved 1048576K
}
Event: 31.254 GC heap after
{Heap after GC invocations=45 (full 0):
 garbage-first heap   total 296960K, used 150604K [0x00000000a0000000, 0x0000000100000000)
  region size 1024K, 2 young (2048K), 2 survivors (2048K)
 Metaspace       used 110335K, committed 111104K, reserved 1146880K
  class space    used 14725K, committed 15104K, reserved 1048576K
}
Event: 31.361 GC heap before
{Heap before GC invocations=45 (full 0):
 garbage-first heap   total 296960K, used 280652K [0x00000000a0000000, 0x0000000100000000)
  region size 1024K, 73 young (74752K), 2 survivors (2048K)
 Metaspace       used 110552K, committed 111296K, reserved 1146880K
  class space    used 14739K, committed 15104K, reserved 1048576K
}
Event: 31.367 GC heap after
{Heap after GC invocations=46 (full 0):
 garbage-first heap   total 296960K, used 178119K [0x00000000a0000000, 0x0000000100000000)
  region size 1024K, 11 young (11264K), 11 survivors (11264K)
 Metaspace       used 110552K, committed 111296K, reserved 1146880K
  class space    used 14739K, committed 15104K, reserved 1048576K
}
Event: 31.369 GC heap before
{Heap before GC invocations=46 (full 0):
 garbage-first heap   total 296960K, used 178119K [0x00000000a0000000, 0x0000000100000000)
  region size 1024K, 12 young (12288K), 11 survivors (11264K)
 Metaspace       used 110552K, committed 111296K, reserved 1146880K
  class space    used 14739K, committed 15104K, reserved 1048576K
}

