# JRE version: OpenJDK Runtime Environment (17.0.6) (build 17.0.6+0-b2043.56-10027231)
# Java VM: OpenJDK 64-Bit Server VM (17.0.6+0-b2043.56-10027231, mixed mode, tiered, compressed oops, compressed class ptrs, g1 gc, windows-amd64)
GC Precious Log:
 CPUs: 16 total, 16 available
 Memory: 15178M
 Large Page Support: Disabled
 NUMA Support: Disabled
 Compressed Oops: Enabled (32-bit)
 Heap Region Size: 1M
 Heap Min Capacity: 8M
 Heap Initial Capacity: 238M
 Heap Max Capacity: 1536M
 Pre-touch: Disabled
 Parallel Workers: 13
 Concurrent Workers: 3
 Concurrent Refinement Workers: 13
 Periodic GC: Disabled
Heap:
 garbage-first heap   total 365568K, used 110848K [0x00000000a0000000, 0x0000000100000000)
  region size 1024K, 11 young (11264K), 11 survivors (11264K)
 Metaspace       used 72918K, committed 73536K, reserved 1114112K
  class space    used 9242K, committed 9536K, reserved 1048576K
GC Heap History (20 events):
Event: 71.346 GC heap after
{Heap after GC invocations=64 (full 0):
 garbage-first heap   total 219136K, used 103264K [0x00000000a0000000, 0x0000000100000000)
  region size 1024K, 6 young (6144K), 6 survivors (6144K)
 Metaspace       used 72855K, committed 73472K, reserved 1114112K
  class space    used 9239K, committed 9536K, reserved 1048576K
}
Event: 71.404 GC heap before
{Heap before GC invocations=64 (full 0):
 garbage-first heap   total 219136K, used 187232K [0x00000000a0000000, 0x0000000100000000)
  region size 1024K, 89 young (91136K), 6 survivors (6144K)
 Metaspace       used 72867K, committed 73536K, reserved 1114112K
  class space    used 9242K, committed 9536K, reserved 1048576K
}
Event: 71.408 GC heap after
{Heap after GC invocations=65 (full 0):
 garbage-first heap   total 303104K, used 103805K [0x00000000a0000000, 0x0000000100000000)
  region size 1024K, 7 young (7168K), 7 survivors (7168K)
 Metaspace       used 72867K, committed 73536K, reserved 1114112K
  class space    used 9242K, committed 9536K, reserved 1048576K
}
Event: 71.506 GC heap before
{Heap before GC invocations=65 (full 0):
 garbage-first heap   total 303104K, used 255357K [0x00000000a0000000, 0x0000000100000000)
  region size 1024K, 156 young (159744K), 7 survivors (7168K)
 Metaspace       used 72867K, committed 73536K, reserved 1114112K
  class space    used 9242K, committed 9536K, reserved 1048576K
}
Event: 71.510 GC heap after
{Heap after GC invocations=66 (full 0):
 garbage-first heap   total 303104K, used 104139K [0x00000000a0000000, 0x0000000100000000)
  region size 1024K, 7 young (7168K), 7 survivors (7168K)
 Metaspace       used 72867K, committed 73536K, reserved 1114112K
  class space    used 9242K, committed 9536K, reserved 1048576K
}
Event: 71.581 GC heap before
{Heap before GC invocations=66 (full 0):
 garbage-first heap   total 303104K, used 266955K [0x00000000a0000000, 0x0000000100000000)
  region size 1024K, 160 young (163840K), 7 survivors (7168K)
 Metaspace       used 72869K, committed 73536K, reserved 1114112K
  class space    used 9242K, committed 9536K, reserved 1048576K
}
Event: 71.584 GC heap after
{Heap after GC invocations=67 (full 0):
 garbage-first heap   total 303104K, used 108163K [0x00000000a0000000, 0x0000000100000000)
  region size 1024K, 8 young (8192K), 8 survivors (8192K)
 Metaspace       used 72869K, committed 73536K, reserved 1114112K
  class space    used 9242K, committed 9536K, reserved 1048576K
}
Event: 71.659 GC heap before
{Heap before GC invocations=67 (full 0):
 garbage-first heap   total 303104K, used 261763K [0x00000000a0000000, 0x0000000100000000)
  region size 1024K, 158 young (161792K), 8 survivors (8192K)
 Metaspace       used 72885K, committed 73536K, reserved 1114112K
  class space    used 9242K, committed 9536K, reserved 1048576K
}
Event: 71.663 GC heap after
{Heap after GC invocations=68 (full 0):
 garbage-first heap   total 303104K, used 109119K [0x00000000a0000000, 0x0000000100000000)
  region size 1024K, 9 young (9216K), 9 survivors (9216K)
 Metaspace       used 72885K, committed 73536K, reserved 1114112K
  class space    used 9242K, committed 9536K, reserved 1048576K
}
Event: 71.729 GC heap before
{Heap before GC invocations=68 (full 0):
 garbage-first heap   total 303104K, used 261695K [0x00000000a0000000, 0x0000000100000000)
  region size 1024K, 158 young (161792K), 9 survivors (9216K)
 Metaspace       used 72887K, committed 73536K, reserved 1114112K
  class space    used 9242K, committed 9536K, reserved 1048576K
}
Event: 71.738 GC heap after
{Heap after GC invocations=69 (full 0):
 garbage-first heap   total 365568K, used 113690K [0x00000000a0000000, 0x0000000100000000)
  region size 1024K, 12 young (12288K), 12 survivors (12288K)
 Metaspace       used 72887K, committed 73536K, reserved 1114112K
  class space    used 9242K, committed 9536K, reserved 1048576K
}
Event: 71.829 GC heap before
{Heap before GC invocations=69 (full 0):
 garbage-first heap   total 365568K, used 315418K [0x00000000a0000000, 0x0000000100000000)
  region size 1024K, 209 young (214016K), 12 survivors (12288K)
 Metaspace       used 72892K, committed 73536K, reserved 1114112K
  class space    used 9242K, committed 9536K, reserved 1048576K
}
Event: 71.833 GC heap after
{Heap after GC invocations=70 (full 0):
 garbage-first heap   total 365568K, used 110431K [0x00000000a0000000, 0x0000000100000000)
  region size 1024K, 10 young (10240K), 10 survivors (10240K)
 Metaspace       used 72892K, committed 73536K, reserved 1114112K
  class space    used 9242K, committed 9536K, reserved 1048576K
}
Event: 71.931 GC heap before
{Heap before GC invocations=70 (full 0):
 garbage-first heap   total 365568K, used 314207K [0x00000000a0000000, 0x0000000100000000)
  region size 1024K, 210 young (215040K), 10 survivors (10240K)
 Metaspace       used 72901K, committed 73536K, reserved 1114112K
  class space    used 9242K, committed 9536K, reserved 1048576K
}
Event: 71.935 GC heap after
{Heap after GC invocations=71 (full 0):
 garbage-first heap   total 365568K, used 109519K [0x00000000a0000000, 0x0000000100000000)
  region size 1024K, 9 young (9216K), 9 survivors (9216K)
 Metaspace       used 72901K, committed 73536K, reserved 1114112K
  class space    used 9242K, committed 9536K, reserved 1048576K
}
Event: 72.063 GC heap before
{Heap before GC invocations=71 (full 0):
 garbage-first heap   total 365568K, used 316367K [0x00000000a0000000, 0x0000000100000000)
  region size 1024K, 212 young (217088K), 9 survivors (9216K)
 Metaspace       used 72906K, committed 73536K, reserved 1114112K
  class space    used 9242K, committed 9536K, reserved 1048576K
}
Event: 72.068 GC heap after
{Heap after GC invocations=72 (full 0):
 garbage-first heap   total 365568K, used 110583K [0x00000000a0000000, 0x0000000100000000)
  region size 1024K, 10 young (10240K), 10 survivors (10240K)
 Metaspace       used 72906K, committed 73536K, reserved 1114112K
  class space    used 9242K, committed 9536K, reserved 1048576K
}
Event: 72.172 GC heap before
{Heap before GC invocations=72 (full 0):
 garbage-first heap   total 365568K, used 316407K [0x00000000a0000000, 0x0000000100000000)
  region size 1024K, 212 young (217088K), 10 survivors (10240K)
 Metaspace       used 72914K, committed 73536K, reserved 1114112K
  class space    used 9242K, committed 9536K, reserved 1048576K
}
Event: 72.176 GC heap after
{Heap after GC invocations=73 (full 0):
 garbage-first heap   total 365568K, used 110556K [0x00000000a0000000, 0x0000000100000000)
  region size 1024K, 10 young (10240K), 10 survivors (10240K)
 Metaspace       used 72914K, committed 73536K, reserved 1114112K
  class space    used 9242K, committed 9536K, reserved 1048576K
}
Event: 72.276 GC heap before
{Heap before GC invocations=73 (full 0):
 garbage-first heap   total 365568K, used 317404K [0x00000000a0000000, 0x0000000100000000)
  region size 1024K, 212 young (217088K), 10 survivors (10240K)
 Metaspace       used 72918K, committed 73536K, reserved 1114112K
  class space    used 9242K, committed 9536K, reserved 1048576K
}

